<?xml version="1.0" encoding="UTF-8"?>
<!-- Generated by org.testng.reporters.JUnitReportReporter -->
<testsuite hostname="LAPTOP-OM90DT8O" failures="0" tests="1" name="com.page.Login" time="75.452" errors="0" timestamp="15 Jun 2021 06:38:13 GMT">
  <testcase classname="com.page.Login" name="slogin" time="75.452"/>
</testsuite> <!-- com.page.Login -->
