<?xml version="1.0" encoding="UTF-8"?>
<!-- Generated by org.testng.reporters.JUnitReportReporter -->
<testsuite hostname="LAPTOP-OM90DT8O" failures="0" tests="1" name="com.page.ParentSupport" time="34.326" errors="0" timestamp="15 Jun 2021 12:34:59 GMT">
  <testcase classname="com.page.ParentSupport" name="register" time="34.326"/>
</testsuite> <!-- com.page.ParentSupport -->
