<?xml version="1.0" encoding="UTF-8"?>
<!-- Generated by org.testng.reporters.JUnitReportReporter -->
<testsuite hostname="LAPTOP-OM90DT8O" failures="0" tests="1" name="com.page.LoginPage" time="82.859" errors="0" timestamp="15 Jun 2021 06:59:06 GMT">
  <testcase classname="com.page.LoginPage" name="loginpage" time="82.859"/>
</testsuite> <!-- com.page.LoginPage -->
